#
# There is insufficient memory for the Java Runtime Environment to continue.
# Native memory allocation (malloc) failed to allocate 131088 bytes for Chunk::new
# Possible reasons:
#   The system is out of physical RAM or swap space
#   In 32 bit mode, the process size limit was hit
# Possible solutions:
#   Reduce memory load on the system
#   Increase physical memory or swap space
#   Check if swap backing store is full
#   Use 64 bit Java on a 64 bit OS
#   Decrease Java heap size (-Xmx/-Xms)
#   Decrease number of Java threads
#   Decrease Java thread stack sizes (-Xss)
#   Set larger code cache with -XX:ReservedCodeCacheSize=
# This output file may be truncated or incomplete.
#
#  Out of Memory Error (allocation.cpp:390), pid=4988, tid=9032
#
# JRE version: Java(TM) SE Runtime Environment (8.0_45-b15) (build 1.8.0_45-b15)
# Java VM: Java HotSpot(TM) 64-Bit Server VM (25.45-b02 mixed mode windows-amd64 compressed oops)
# Failed to write core dump. Minidumps are not enabled by default on client versions of Windows
#

---------------  T H R E A D  ---------------

Current thread (0x000000000764f000):  JavaThread "C2 CompilerThread1" daemon [_thread_in_native, id=9032, stack(0x0000000007a00000,0x0000000007b00000)]

Stack: [0x0000000007a00000,0x0000000007b00000]
Native frames: (J=compiled Java code, j=interpreted, Vv=VM code, C=native code)
V  [jvm.dll+0x32b57a]


Current CompileTask:
C2:  36694 2794       4       com.android.dx.ssa.ConstCollector::getConstsSortedByCountUse (386 bytes)


---------------  P R O C E S S  ---------------

Java Threads: ( => current thread )
  0x0000000007663800 JavaThread "Service Thread" daemon [_thread_blocked, id=4220, stack(0x0000000007c00000,0x0000000007d00000)]
  0x000000000765d000 JavaThread "C1 CompilerThread2" daemon [_thread_blocked, id=6348, stack(0x0000000007b00000,0x0000000007c00000)]
=>0x000000000764f000 JavaThread "C2 CompilerThread1" daemon [_thread_in_native, id=9032, stack(0x0000000007a00000,0x0000000007b00000)]
  0x0000000005ffc800 JavaThread "C2 CompilerThread0" daemon [_thread_in_native, id=6412, stack(0x0000000007500000,0x0000000007600000)]
  0x0000000005ffa800 JavaThread "Attach Listener" daemon [_thread_blocked, id=8636, stack(0x0000000007400000,0x0000000007500000)]
  0x0000000005fb0000 JavaThread "Signal Dispatcher" daemon [_thread_blocked, id=1764, stack(0x0000000007300000,0x0000000007400000)]
  0x00000000027d6000 JavaThread "Finalizer" daemon [_thread_blocked, id=6528, stack(0x0000000007200000,0x0000000007300000)]
  0x00000000027cd000 JavaThread "Reference Handler" daemon [_thread_blocked, id=5924, stack(0x0000000007100000,0x0000000007200000)]
  0x00000000026e0800 JavaThread "main" [_thread_in_Java, id=4240, stack(0x0000000002240000,0x0000000002340000)]

Other Threads:
  0x0000000005f67800 VMThread [stack: 0x0000000007000000,0x0000000007100000] [id=668]
  0x0000000007665000 WatcherThread [stack: 0x0000000007d00000,0x0000000007e00000] [id=6504]

VM state:not at safepoint (normal execution)

VM Mutex/Monitor currently owned by a thread: None

Heap:
 PSYoungGen      total 235520K, used 116537K [0x00000000eab00000, 0x0000000100000000, 0x0000000100000000)
  eden space 168960K, 68% used [0x00000000eab00000,0x00000000f1cce4c0,0x00000000f5000000)
  from space 66560K, 0% used [0x00000000fbf00000,0x00000000fbf00000,0x0000000100000000)
  to   space 90112K, 0% used [0x00000000f5000000,0x00000000f5000000,0x00000000fa800000)
 ParOldGen       total 173056K, used 172969K [0x00000000c0000000, 0x00000000ca900000, 0x00000000eab00000)
  object space 173056K, 99% used [0x00000000c0000000,0x00000000ca8ea468,0x00000000ca900000)
 Metaspace       used 6161K, capacity 7216K, committed 7296K, reserved 1056768K
  class space    used 580K, capacity 616K, committed 640K, reserved 1048576K

Card table byte_map: [0x0000000002c90000,0x0000000002ea0000] byte_map_base: 0x0000000002690000

Marking Bits: (ParMarkBitMap*) 0x0000000065a64040
 Begin Bits: [0x0000000003400000, 0x0000000004400000)
 End Bits:   [0x0000000004400000, 0x0000000005400000)

Polling page: 0x0000000000840000

CodeCache: size=245760Kb used=9734Kb max_used=13907Kb free=236025Kb
 bounds [0x000000000f010000, 0x000000000fde0000, 0x000000001e010000]
 total_blobs=2236 nmethods=1969 adapters=180
 compilation: enabled

Compilation events (10 events):
Event: 36.561 Thread 0x0000000005ffc800 2789       4       com.android.dx.util.ByteArray::getByte (14 bytes)
Event: 36.562 Thread 0x0000000005ffc800 nmethod 2789 0x000000000f2b3890 code [0x000000000f2b39e0, 0x000000000f2b3af8]
Event: 36.580 Thread 0x000000000765d000 2790       3       com.android.dx.ssa.back.FirstFitLocalCombiningAllocator$Alignment$1::nextClearBit (26 bytes)
Event: 36.581 Thread 0x000000000765d000 nmethod 2790 0x000000000f6046d0 code [0x000000000f604860, 0x000000000f604c18]
Event: 36.585 Thread 0x000000000765d000 2791       3       com.android.dx.ssa.SsaMethod::onInsnAdded (13 bytes)
Event: 36.586 Thread 0x000000000765d000 nmethod 2791 0x000000000f8f1f10 code [0x000000000f8f2080, 0x000000000f8f2378]
Event: 36.599 Thread 0x000000000764f000 2792 %     4       com.android.dx.rop.code.InsnList::forEach @ 7 (28 bytes)
Event: 36.602 Thread 0x000000000764f000 nmethod 2792% 0x000000000f55c2d0 code [0x000000000f55c420, 0x000000000f55c638]
Event: 36.647 Thread 0x0000000005ffc800 2793       4       com.android.dx.dex.code.RopTranslator::outputBlock (202 bytes)
Event: 36.652 Thread 0x000000000764f000 2794       4       com.android.dx.ssa.ConstCollector::getConstsSortedByCountUse (386 bytes)

GC Heap History (10 events):
Event: 26.490 GC heap before
{Heap before GC invocations=11 (full 1):
 PSYoungGen      total 282624K, used 282597K [0x00000000eab00000, 0x0000000100000000, 0x0000000100000000)
  eden space 216064K, 100% used [0x00000000eab00000,0x00000000f7e00000,0x00000000f7e00000)
  from space 66560K, 99% used [0x00000000f7e00000,0x00000000fbef97b8,0x00000000fbf00000)
  to   space 66560K, 0% used [0x00000000fbf00000,0x00000000fbf00000,0x0000000100000000)
 ParOldGen       total 173056K, used 115544K [0x00000000c0000000, 0x00000000ca900000, 0x00000000eab00000)
  object space 173056K, 66% used [0x00000000c0000000,0x00000000c70d62c8,0x00000000ca900000)
 Metaspace       used 6147K, capacity 7216K, committed 7296K, reserved 1056768K
  class space    used 580K, capacity 616K, committed 640K, reserved 1048576K
Event: 26.810 GC heap after
Heap after GC invocations=11 (full 1):
 PSYoungGen      total 235520K, used 57189K [0x00000000eab00000, 0x0000000100000000, 0x0000000100000000)
  eden space 168960K, 0% used [0x00000000eab00000,0x00000000eab00000,0x00000000f5000000)
  from space 66560K, 85% used [0x00000000fbf00000,0x00000000ff6d9560,0x0000000100000000)
  to   space 90112K, 0% used [0x00000000f5000000,0x00000000f5000000,0x00000000fa800000)
 ParOldGen       total 173056K, used 159979K [0x00000000c0000000, 0x00000000ca900000, 0x00000000eab00000)
  object space 173056K, 92% used [0x00000000c0000000,0x00000000c9c3aed8,0x00000000ca900000)
 Metaspace       used 6147K, capacity 7216K, committed 7296K, reserved 1056768K
  class space    used 580K, capacity 616K, committed 640K, reserved 1048576K
}
Event: 26.810 GC heap before
{Heap before GC invocations=12 (full 2):
 PSYoungGen      total 235520K, used 57189K [0x00000000eab00000, 0x0000000100000000, 0x0000000100000000)
  eden space 168960K, 0% used [0x00000000eab00000,0x00000000eab00000,0x00000000f5000000)
  from space 66560K, 85% used [0x00000000fbf00000,0x00000000ff6d9560,0x0000000100000000)
  to   space 90112K, 0% used [0x00000000f5000000,0x00000000f5000000,0x00000000fa800000)
 ParOldGen       total 173056K, used 159979K [0x00000000c0000000, 0x00000000ca900000, 0x00000000eab00000)
  object space 173056K, 92% used [0x00000000c0000000,0x00000000c9c3aed8,0x00000000ca900000)
 Metaspace       used 6147K, capacity 7216K, committed 7296K, reserved 1056768K
  class space    used 580K, capacity 616K, committed 640K, reserved 1048576K
Event: 29.249 GC heap after
Heap after GC invocations=12 (full 2):
 PSYoungGen      total 235520K, used 38025K [0x00000000eab00000, 0x0000000100000000, 0x0000000100000000)
  eden space 168960K, 0% used [0x00000000eab00000,0x00000000eab00000,0x00000000f5000000)
  from space 66560K, 57% used [0x00000000fbf00000,0x00000000fe4225d0,0x0000000100000000)
  to   space 90112K, 0% used [0x00000000f5000000,0x00000000f5000000,0x00000000fa800000)
 ParOldGen       total 173056K, used 172695K [0x00000000c0000000, 0x00000000ca900000, 0x00000000eab00000)
  object space 173056K, 99% used [0x00000000c0000000,0x00000000ca8a5e30,0x00000000ca900000)
 Metaspace       used 6147K, capacity 7216K, committed 7296K, reserved 1056768K
  class space    used 580K, capacity 616K, committed 640K, reserved 1048576K
}
Event: 30.382 GC heap before
{Heap before GC invocations=13 (full 3):
 PSYoungGen      total 235520K, used 206985K [0x00000000eab00000, 0x0000000100000000, 0x0000000100000000)
  eden space 168960K, 100% used [0x00000000eab00000,0x00000000f5000000,0x00000000f5000000)
  from space 66560K, 57% used [0x00000000fbf00000,0x00000000fe4225d0,0x0000000100000000)
  to   space 90112K, 0% used [0x00000000f5000000,0x00000000f5000000,0x00000000fa800000)
 ParOldGen       total 173056K, used 172695K [0x00000000c0000000, 0x00000000ca900000, 0x00000000eab00000)
  object space 173056K, 99% used [0x00000000c0000000,0x00000000ca8a5e30,0x00000000ca900000)
 Metaspace       used 6154K, capacity 7216K, committed 7296K, reserved 1056768K
  class space    used 580K, capacity 616K, committed 640K, reserved 1048576K
Event: 32.960 GC heap after
Heap after GC invocations=13 (full 3):
 PSYoungGen      total 235520K, used 61347K [0x00000000eab00000, 0x0000000100000000, 0x0000000100000000)
  eden space 168960K, 36% used [0x00000000eab00000,0x00000000ee6e8d50,0x00000000f5000000)
  from space 66560K, 0% used [0x00000000fbf00000,0x00000000fbf00000,0x0000000100000000)
  to   space 90112K, 0% used [0x00000000f5000000,0x00000000f5000000,0x00000000fa800000)
 ParOldGen       total 173056K, used 173007K [0x00000000c0000000, 0x00000000ca900000, 0x00000000eab00000)
  object space 173056K, 99% used [0x00000000c0000000,0x00000000ca8f3ee8,0x00000000ca900000)
 Metaspace       used 6154K, capacity 7216K, committed 7296K, reserved 1056768K
  class space    used 580K, capacity 616K, committed 640K, reserved 1048576K
}
Event: 33.555 GC heap before
{Heap before GC invocations=14 (full 4):
 PSYoungGen      total 235520K, used 168960K [0x00000000eab00000, 0x0000000100000000, 0x0000000100000000)
  eden space 168960K, 100% used [0x00000000eab00000,0x00000000f5000000,0x00000000f5000000)
  from space 66560K, 0% used [0x00000000fbf00000,0x00000000fbf00000,0x0000000100000000)
  to   space 90112K, 0% used [0x00000000f5000000,0x00000000f5000000,0x00000000fa800000)
 ParOldGen       total 173056K, used 173007K [0x00000000c0000000, 0x00000000ca900000, 0x00000000eab00000)
  object space 173056K, 99% used [0x00000000c0000000,0x00000000ca8f3ee8,0x00000000ca900000)
 Metaspace       used 6154K, capacity 7216K, committed 7296K, reserved 1056768K
  class space    used 580K, capacity 616K, committed 640K, reserved 1048576K
Event: 34.841 GC heap after
Heap after GC invocations=14 (full 4):
 PSYoungGen      total 235520K, used 77194K [0x00000000eab00000, 0x0000000100000000, 0x0000000100000000)
  eden space 168960K, 45% used [0x00000000eab00000,0x00000000ef662930,0x00000000f5000000)
  from space 66560K, 0% used [0x00000000fbf00000,0x00000000fbf00000,0x0000000100000000)
  to   space 90112K, 0% used [0x00000000f5000000,0x00000000f5000000,0x00000000fa800000)
 ParOldGen       total 173056K, used 172974K [0x00000000c0000000, 0x00000000ca900000, 0x00000000eab00000)
  object space 173056K, 99% used [0x00000000c0000000,0x00000000ca8eb988,0x00000000ca900000)
 Metaspace       used 6154K, capacity 7216K, committed 7296K, reserved 1056768K
  class space    used 580K, capacity 616K, committed 640K, reserved 1048576K
}
Event: 35.272 GC heap before
{Heap before GC invocations=15 (full 5):
 PSYoungGen      total 235520K, used 168960K [0x00000000eab00000, 0x0000000100000000, 0x0000000100000000)
  eden space 168960K, 100% used [0x00000000eab00000,0x00000000f5000000,0x00000000f5000000)
  from space 66560K, 0% used [0x00000000fbf00000,0x00000000fbf00000,0x0000000100000000)
  to   space 90112K, 0% used [0x00000000f5000000,0x00000000f5000000,0x00000000fa800000)
 ParOldGen       total 173056K, used 172974K [0x00000000c0000000, 0x00000000ca900000, 0x00000000eab00000)
  object space 173056K, 99% used [0x00000000c0000000,0x00000000ca8eb988,0x00000000ca900000)
 Metaspace       used 6161K, capacity 7216K, committed 7296K, reserved 1056768K
  class space    used 580K, capacity 616K, committed 640K, reserved 1048576K
Event: 36.527 GC heap after
Heap after GC invocations=15 (full 5):
 PSYoungGen      total 235520K, used 90945K [0x00000000eab00000, 0x0000000100000000, 0x0000000100000000)
  eden space 168960K, 53% used [0x00000000eab00000,0x00000000f03d0598,0x00000000f5000000)
  from space 66560K, 0% used [0x00000000fbf00000,0x00000000fbf00000,0x0000000100000000)
  to   space 90112K, 0% used [0x00000000f5000000,0x00000000f5000000,0x00000000fa800000)
 ParOldGen       total 173056K, used 172969K [0x00000000c0000000, 0x00000000ca900000, 0x00000000eab00000)
  object space 173056K, 99% used [0x00000000c0000000,0x00000000ca8ea468,0x00000000ca900000)
 Metaspace       used 6161K, capacity 7216K, committed 7296K, reserved 1056768K
  class space    used 580K, capacity 616K, committed 640K, reserved 1048576K
}

Deoptimization events (10 events):
Event: 30.136 Thread 0x00000000026e0800 Uncommon trap: reason=unstable_if action=reinterpret pc=0x000000000fa2fbc4 method=com.android.dx.ssa.LocalVariableExtractor.doit()Lcom/android/dx/ssa/LocalVariableInfo; @ 7
Event: 30.136 Thread 0x00000000026e0800 Uncommon trap: reason=unstable_if action=reinterpret pc=0x000000000fa60cbc method=java.util.ArrayList.<init>(I)V @ 5
Event: 30.136 Thread 0x00000000026e0800 Uncommon trap: reason=unstable_if action=reinterpret pc=0x000000000fca1dbc method=com.android.dx.rop.code.RegisterSpecSet.<init>(I)V @ 2
Event: 30.136 Thread 0x00000000026e0800 Uncommon trap: reason=unstable_if action=reinterpret pc=0x000000000f99d714 method=com.android.dx.rop.code.RegisterSpecSet.<init>(I)V @ 2
Event: 30.136 Thread 0x00000000026e0800 Uncommon trap: reason=unstable_if action=reinterpret pc=0x000000000f622844 method=com.android.dx.rop.code.RegisterSpecSet.<init>(I)V @ 2
Event: 33.008 Thread 0x00000000026e0800 Uncommon trap: reason=unstable_if action=reinterpret pc=0x000000000fa5f3c4 method=java.util.ArrayList.<init>(I)V @ 5
Event: 34.904 Thread 0x00000000026e0800 Uncommon trap: reason=unstable_if action=reinterpret pc=0x000000000fb363b0 method=java.util.TimSort.sort([Ljava/lang/Object;IILjava/util/Comparator;[Ljava/lang/Object;II)V @ 53
Event: 35.212 Thread 0x00000000026e0800 Uncommon trap: reason=unstable_if action=reinterpret pc=0x000000000fa6fe24 method=com.android.dx.ssa.PhiTypeResolver.resolveResultType(Lcom/android/dx/ssa/PhiInsn;)Z @ 64
Event: 35.232 Thread 0x00000000026e0800 Uncommon trap: reason=unstable_if action=reinterpret pc=0x000000000fac076c method=com.android.dx.dex.code.OutputFinisher.hasLocalInfo(Lcom/android/dx/rop/code/RegisterSpec;)Z @ 1
Event: 35.232 Thread 0x00000000026e0800 Uncommon trap: reason=unstable_if action=reinterpret pc=0x000000000fac8ea4 method=com.android.dx.dex.code.OutputFinisher.hasLocalInfo(Lcom/android/dx/rop/code/RegisterSpec;)Z @ 1

Internal exceptions (10 events):
Event: 3.417 Thread 0x00000000026e0800 Exception <a 'java/lang/ArrayIndexOutOfBoundsException': 18> (0x00000000eb7c6888) thrown at [C:\re\workspace\8-2-build-windows-amd64-cygwin\jdk8u45\3627\hotspot\src\share\vm\interpreter\interpreterRuntime.cpp, line 366]
Event: 3.418 Thread 0x00000000026e0800 Exception <a 'java/lang/ArrayIndexOutOfBoundsException'> (0x00000000eb7c8358) thrown at [C:\re\workspace\8-2-build-windows-amd64-cygwin\jdk8u45\3627\hotspot\src\share\vm\runtime\sharedRuntime.cpp, line 605]
Event: 3.419 Thread 0x00000000026e0800 Exception <a 'java/lang/ArrayIndexOutOfBoundsException'> (0x00000000eb7c9590) thrown at [C:\re\workspace\8-2-build-windows-amd64-cygwin\jdk8u45\3627\hotspot\src\share\vm\runtime\sharedRuntime.cpp, line 605]
Event: 6.119 Thread 0x00000000026e0800 Implicit null exception at 0x000000000f5e58c3 to 0x000000000f5e6f55
Event: 6.120 Thread 0x00000000026e0800 Implicit null exception at 0x000000000f5dc6c0 to 0x000000000f5ddfb1
Event: 6.124 Thread 0x00000000026e0800 Implicit null exception at 0x000000000f60494f to 0x000000000f604aa9
Event: 23.996 Thread 0x00000000026e0800 Implicit null exception at 0x000000000fd8b04c to 0x000000000fd8fc61
Event: 35.212 Thread 0x00000000026e0800 Implicit null exception at 0x000000000fa6d346 to 0x000000000fa6fe00
Event: 35.232 Thread 0x00000000026e0800 Implicit null exception at 0x000000000fabfdc2 to 0x000000000fac0755
Event: 35.232 Thread 0x00000000026e0800 Implicit null exception at 0x000000000fac8ced to 0x000000000fac8e91

Events (10 events):
Event: 35.212 Thread 0x00000000026e0800 DEOPT PACKING pc=0x000000000fa6fe24 sp=0x000000000233e8e0
Event: 35.212 Thread 0x00000000026e0800 DEOPT UNPACKING pc=0x000000000f05582a sp=0x000000000233e830 mode 2
Event: 35.232 Thread 0x00000000026e0800 Uncommon trap: trap_request=0xffffff65 fr.pc=0x000000000fac076c
Event: 35.232 Thread 0x00000000026e0800 DEOPT PACKING pc=0x000000000fac076c sp=0x000000000233ea10
Event: 35.232 Thread 0x00000000026e0800 DEOPT UNPACKING pc=0x000000000f05582a sp=0x000000000233e7f8 mode 2
Event: 35.232 Thread 0x00000000026e0800 Uncommon trap: trap_request=0xffffff65 fr.pc=0x000000000fac8ea4
Event: 35.232 Thread 0x00000000026e0800 DEOPT PACKING pc=0x000000000fac8ea4 sp=0x000000000233e8c0
Event: 35.233 Thread 0x00000000026e0800 DEOPT UNPACKING pc=0x000000000f05582a sp=0x000000000233e7f0 mode 2
Event: 35.272 Executing VM operation: ParallelGCFailedAllocation
Event: 36.527 Executing VM operation: ParallelGCFailedAllocation done


Dynamic libraries:
0x00007ff6d9fd0000 - 0x00007ff6da007000 	E:\Program Files\Java\jdk1.8.0_45\bin\java.exe
0x00007ffa2e560000 - 0x00007ffa2e70c000 	C:\Windows\SYSTEM32\ntdll.dll
0x00007ffa2e350000 - 0x00007ffa2e48e000 	C:\Windows\system32\KERNEL32.DLL
0x00007ffa2b460000 - 0x00007ffa2b575000 	C:\Windows\system32\KERNELBASE.dll
0x00007ffa29eb0000 - 0x00007ffa29f3e000 	C:\Windows\system32\apphelp.dll
0x00007ffa1da60000 - 0x00007ffa1dab3000 	C:\Windows\AppPatch\AppPatch64\AcGenral.DLL
0x00007ffa2de30000 - 0x00007ffa2deda000 	C:\Windows\system32\msvcrt.dll
0x00007ffa2b110000 - 0x00007ffa2b13e000 	C:\Windows\SYSTEM32\SspiCli.dll
0x00007ffa2e020000 - 0x00007ffa2e074000 	C:\Windows\system32\SHLWAPI.dll
0x00007ffa2e080000 - 0x00007ffa2e1f7000 	C:\Windows\system32\USER32.dll
0x00007ffa2bcb0000 - 0x00007ffa2be44000 	C:\Windows\system32\ole32.dll
0x00007ffa2c760000 - 0x00007ffa2dc79000 	C:\Windows\system32\SHELL32.dll
0x00007ffa2a910000 - 0x00007ffa2a931000 	C:\Windows\SYSTEM32\USERENV.dll
0x00007ffa2bc00000 - 0x00007ffa2bcaa000 	C:\Windows\system32\ADVAPI32.dll
0x00007ffa1b4c0000 - 0x00007ffa1b4de000 	C:\Windows\SYSTEM32\MPR.dll
0x00007ffa2e200000 - 0x00007ffa2e341000 	C:\Windows\system32\RPCRT4.dll
0x00007ffa2e4a0000 - 0x00007ffa2e4f9000 	C:\Windows\SYSTEM32\sechost.dll
0x00007ffa2c2a0000 - 0x00007ffa2c4b1000 	C:\Windows\SYSTEM32\combase.dll
0x00007ffa2baa0000 - 0x00007ffa2bbf1000 	C:\Windows\system32\GDI32.dll
0x00007ffa2b2c0000 - 0x00007ffa2b2d5000 	C:\Windows\SYSTEM32\profapi.dll
0x00007ffa29880000 - 0x00007ffa29932000 	C:\Windows\SYSTEM32\SHCORE.dll
0x00007ffa2ddf0000 - 0x00007ffa2de26000 	C:\Windows\system32\IMM32.DLL
0x00007ffa2dc80000 - 0x00007ffa2ddd3000 	C:\Windows\system32\MSCTF.dll
0x00007ffa2b280000 - 0x00007ffa2b2af000 	C:\Windows\system32\nvinitx.dll
0x000000000f000000 - 0x000000000f006000 	C:\Program Files\NVIDIA Corporation\CoProcManager\detoured.dll
0x00007ffa29220000 - 0x00007ffa2927f000 	C:\Program Files\NVIDIA Corporation\CoProcManager\nvd3d9wrapx.dll
0x00007ffa2bf90000 - 0x00007ffa2c16a000 	C:\Windows\system32\SETUPAPI.dll
0x00007ffa2b860000 - 0x00007ffa2b8af000 	C:\Windows\system32\CFGMGR32.dll
0x00007ffa291d0000 - 0x00007ffa29216000 	C:\Program Files\NVIDIA Corporation\CoProcManager\nvdxgiwrapx.dll
0x00007ffa29380000 - 0x00007ffa295fb000 	C:\Windows\WinSxS\amd64_microsoft.windows.common-controls_6595b64144ccf1df_6.0.9600.17415_none_6240486fecbd8abb\COMCTL32.dll
0x0000000064cc0000 - 0x0000000064d92000 	E:\Program Files\Java\jdk1.8.0_45\jre\bin\msvcr100.dll
0x0000000065260000 - 0x0000000065ae3000 	E:\Program Files\Java\jdk1.8.0_45\jre\bin\server\jvm.dll
0x00007ffa29600000 - 0x00007ffa29609000 	C:\Windows\SYSTEM32\WSOCK32.dll
0x00007ffa2b8b0000 - 0x00007ffa2b8d2000 	C:\Windows\system32\WINMM.dll
0x00007ffa26d90000 - 0x00007ffa26d9a000 	C:\Windows\SYSTEM32\VERSION.dll
0x00007ffa2e490000 - 0x00007ffa2e497000 	C:\Windows\system32\PSAPI.DLL
0x00007ffa2e500000 - 0x00007ffa2e55a000 	C:\Windows\system32\WS2_32.dll
0x00007ffa2b3c0000 - 0x00007ffa2b3ea000 	C:\Windows\system32\WINMMBASE.dll
0x00007ffa2c170000 - 0x00007ffa2c179000 	C:\Windows\system32\NSI.dll
0x00007ffa2b370000 - 0x00007ffa2b398000 	C:\Windows\system32\DEVOBJ.dll
0x0000000065170000 - 0x000000006517f000 	E:\Program Files\Java\jdk1.8.0_45\jre\bin\verify.dll
0x0000000065140000 - 0x0000000065169000 	E:\Program Files\Java\jdk1.8.0_45\jre\bin\java.dll
0x0000000065120000 - 0x0000000065136000 	E:\Program Files\Java\jdk1.8.0_45\jre\bin\zip.dll

VM Arguments:
jvm_args: -Xmx1024M -Xss1m -Djava.ext.dirs=E:\Users\liuxue\AppData\Local\Android\sdk\build-tools\22.0.1\lib 
java_command: E:\Users\liuxue\AppData\Local\Android\sdk\build-tools\22.0.1\lib\dx.jar --dex --multi-dex --main-dex-list I:\Users\liuxue\StudioProjects\Today-s-Bing\app\build\intermediates\multi-dex\zs91\release\maindexlist.txt --output I:\Users\liuxue\StudioProjects\Today-s-Bing\app\build\intermediates\dex\zs91\release --input-list I:\Users\liuxue\StudioProjects\Today-s-Bing\app\build\intermediates\tmp\dex\zs91\release\inputList.txt
java_class_path (initial): E:\Users\liuxue\AppData\Local\Android\sdk\build-tools\22.0.1\lib\dx.jar
Launcher Type: SUN_STANDARD

Environment Variables:
JAVA_HOME=E:\Program Files\Java\jdk1.8.0_45
CLASSPATH=.;E:\Program Files\Java\jdk1.8.0_45\lib;E:\Program Files\Java\jdk1.8.0_45\lib\dt.jar;E:\Program Files\Java\jdk1.8.0_45\lib\tools.jar
PATH=C:\Program Files (x86)\NVIDIA Corporation\PhysX\Common;C:\ProgramData\Oracle\Java\javapath;C:\Windows\system32;C:\Windows;C:\Windows\System32\Wbem;C:\Windows\System32\WindowsPowerShell\v1.0\;E:\Program Files (x86)\Git\bin;E:\Program Files\Java\jdk1.8.0_45\bin
USERNAME=liuxue
OS=Windows_NT
PROCESSOR_IDENTIFIER=Intel64 Family 6 Model 58 Stepping 9, GenuineIntel



---------------  S Y S T E M  ---------------

OS: Windows 8.1 , 64 bit Build 9600 (6.3.9600.17415)

CPU:total 4 (2 cores per cpu, 2 threads per core) family 6 model 58 stepping 9, cmov, cx8, fxsr, mmx, sse, sse2, sse3, ssse3, sse4.1, sse4.2, popcnt, avx, clmul, erms, ht, tsc, tscinvbit, tscinv

Memory: 4k page, physical 8222896k(899204k free), swap 8222896k(5052k free)

vm_info: Java HotSpot(TM) 64-Bit Server VM (25.45-b02) for windows-amd64 JRE (1.8.0_45-b15), built on Apr 30 2015 12:40:44 by "java_re" with MS VC++ 10.0 (VS2010)

time: Sat Jun 06 13:03:09 2015
elapsed time: 36 seconds (0d 0h 0m 36s)

